# Test: sbreak.hex

      Clk#   PC 
         4: 00001000 
         5: 00001004 X10: 00000000
         6: 00001006 
         7: 00001008 X28: 00000000
         8: 0000100c X 5: 00001008
         9: 00001010 X 5: 00000840
        10: 00001014 
        11: 00001016 X10: 00000001
        12: 00001018 X10: 80000000
        13: 00001028 
        14: 0000102c X 5: 00000028
        15: 00001030 X 5: 00000000
        16: 00001050 
        18: 00001054 
        19: 00001058 X10: 00002000
        20: 0000105c X10: 00001800
        22: 00001060 
        23: 00001064 X 5: 00001060
        24: 00001068 X 5: 00001080
        25: 0000106c 
        26: 00001070 X10: 00000000
        28: 00001080 
        29: 00001082 X28: 00000002
        30: 00000840 
        31: 00000844 X14: 00000003
        32: 00000846 X15: 00000008
        33: 0000084a 
        34: 0000084c X15: 00000009
        35: 00000850 
        36: 00000852 X15: 0000000b
        37: 00000856 
        38: 00000858 X15: 00000003
        39: 0000085c 
        40: 00000860 X11: f0000000
        41: 00000864 X15: 00000042
        43: 00000868 
        44: 0000086c X15: 00000050
        46: 00000870 
        47: 00000872 X15: 0000000a
        49: 00000876 
        50: 0000087a X14: 00001876
        51: 0000087e X14: 000010a4
        52: 00000880 
        53: 000010a4 
        54: 000010a6 X 6: 00000003
        55: 000010aa X 5: 00000003
        56: 000010ae 
        57: 00001096 
        59: 0000109a 
        60: 0000109c X11: 00000002
        61: 0000109e X10: 00000000
        62: 00000840 
        63: 00000844 X14: 0000000b
        64: 00000846 X15: 00000008
        65: 0000084a 
        66: 0000084c X15: 00000009
        67: 00000850 
        68: 00000852 X15: 0000000b
        69: 0000088e 
        71: 000010c0 
        72: 000000f4 
        73: 000000f8 
        74: 000000f8 
